<?xml version="1.0" encoding="UTF-8"?>
<!-- Generated by org.testng.reporters.JUnitXMLReporter -->
<testsuite ignored="0" hostname="DESKTOP-FTHOGM6" failures="0" tests="3" name="Default test" time="21.535" errors="0" timestamp="2023-11-28T14:16:39 IST">
  <testcase classname="TestPageFactory.TestOrangeHRMLogin" name="invalid_username" time="2.237"/>
  <testcase classname="TestPageFactory.TestOrangeHRMLogin" name="invalid_passwordLogintest" time="2.077"/>
  <testcase classname="TestPageFactory.TestOrangeHRMLogin" name="validLogintest" time="2.361"/>
</testsuite> <!-- Default test -->
