<?xml version="1.0" encoding="UTF-8"?>
<testng-results ignored="0" total="3" passed="3" failed="0" skipped="0">
  <reporter-output>
  </reporter-output>
  <suite started-at="2023-11-28T14:16:18 IST" name="Default suite" finished-at="2023-11-28T14:16:39 IST" duration-ms="21535">
    <groups>
    </groups>
    <test started-at="2023-11-28T14:16:18 IST" name="Default test" finished-at="2023-11-28T14:16:39 IST" duration-ms="21535">
      <class name="TestPageFactory.TestOrangeHRMLogin">
        <test-method is-config="true" signature="setup()[pri:0, instance:TestPageFactory.TestOrangeHRMLogin@3ce1e309]" started-at="2023-11-28T14:16:18 IST" name="setup" finished-at="2023-11-28T14:16:24 IST" duration-ms="6518" status="PASS">
          <reporter-output>
          </reporter-output>
        </test-method> <!-- setup -->
        <test-method signature="invalid_username()[pri:1, instance:TestPageFactory.TestOrangeHRMLogin@3ce1e309]" started-at="2023-11-28T14:16:24 IST" name="invalid_username" finished-at="2023-11-28T14:16:26 IST" duration-ms="2237" status="PASS">
          <reporter-output>
          </reporter-output>
        </test-method> <!-- invalid_username -->
        <test-method is-config="true" signature="close()[pri:0, instance:TestPageFactory.TestOrangeHRMLogin@3ce1e309]" started-at="2023-11-28T14:16:26 IST" name="close" finished-at="2023-11-28T14:16:27 IST" duration-ms="111" status="PASS">
          <reporter-output>
          </reporter-output>
        </test-method> <!-- close -->
        <test-method is-config="true" signature="setup()[pri:0, instance:TestPageFactory.TestOrangeHRMLogin@3ce1e309]" started-at="2023-11-28T14:16:27 IST" name="setup" finished-at="2023-11-28T14:16:31 IST" duration-ms="4060" status="PASS">
          <reporter-output>
          </reporter-output>
        </test-method> <!-- setup -->
        <test-method signature="invalid_passwordLogintest()[pri:2, instance:TestPageFactory.TestOrangeHRMLogin@3ce1e309]" started-at="2023-11-28T14:16:31 IST" name="invalid_passwordLogintest" finished-at="2023-11-28T14:16:33 IST" duration-ms="2077" status="PASS">
          <reporter-output>
          </reporter-output>
        </test-method> <!-- invalid_passwordLogintest -->
        <test-method is-config="true" signature="close()[pri:0, instance:TestPageFactory.TestOrangeHRMLogin@3ce1e309]" started-at="2023-11-28T14:16:33 IST" name="close" finished-at="2023-11-28T14:16:33 IST" duration-ms="80" status="PASS">
          <reporter-output>
          </reporter-output>
        </test-method> <!-- close -->
        <test-method is-config="true" signature="setup()[pri:0, instance:TestPageFactory.TestOrangeHRMLogin@3ce1e309]" started-at="2023-11-28T14:16:33 IST" name="setup" finished-at="2023-11-28T14:16:37 IST" duration-ms="3929" status="PASS">
          <reporter-output>
          </reporter-output>
        </test-method> <!-- setup -->
        <test-method signature="validLogintest()[pri:3, instance:TestPageFactory.TestOrangeHRMLogin@3ce1e309]" started-at="2023-11-28T14:16:37 IST" name="validLogintest" finished-at="2023-11-28T14:16:39 IST" duration-ms="2361" status="PASS">
          <reporter-output>
          </reporter-output>
        </test-method> <!-- validLogintest -->
        <test-method is-config="true" signature="close()[pri:0, instance:TestPageFactory.TestOrangeHRMLogin@3ce1e309]" started-at="2023-11-28T14:16:39 IST" name="close" finished-at="2023-11-28T14:16:39 IST" duration-ms="106" status="PASS">
          <reporter-output>
          </reporter-output>
        </test-method> <!-- close -->
      </class> <!-- TestPageFactory.TestOrangeHRMLogin -->
    </test> <!-- Default test -->
  </suite> <!-- Default suite -->
</testng-results>
