<?xml version="1.0" encoding="UTF-8"?>
<!-- Generated by org.testng.reporters.JUnitXMLReporter -->
<testsuite ignored="0" hostname="DESKTOP-FTHOGM6" failures="0" tests="3" name="Default test" time="0.06" errors="0" timestamp="2023-11-20T23:11:52 IST">
  <testcase classname="TestDay2.TestCapital_letter" name="testCapitalizeFirstLetterOfWords" time="0.008"/>
  <testcase classname="TestDay2.TestCapital_letter" name="testCapitalizeFirstLetterOfWords" time="0.001"/>
  <testcase classname="TestDay2.TestCapital_letter" name="testCapitalizeFirstLetterOfWords" time="0.002"/>
</testsuite> <!-- Default test -->
