<?xml version="1.0" encoding="UTF-8"?>
<testng-results ignored="0" total="3" passed="3" failed="0" skipped="0">
  <reporter-output>
  </reporter-output>
  <suite started-at="2023-11-20T23:11:51 IST" name="Default suite" finished-at="2023-11-20T23:11:51 IST" duration-ms="60">
    <groups>
    </groups>
    <test started-at="2023-11-20T23:11:51 IST" name="Default test" finished-at="2023-11-20T23:11:51 IST" duration-ms="60">
      <class name="TestDay2.TestCapital_letter">
        <test-method signature="testCapitalizeFirstLetterOfWords(java.lang.String,java.lang.String)[pri:0, instance:TestDay2.TestCapital_letter@441772e]" started-at="2023-11-20T23:11:51 IST" name="testCapitalizeFirstLetterOfWords" data-provider="sentences" finished-at="2023-11-20T23:11:51 IST" duration-ms="8" status="PASS">
          <params>
            <param index="0">
              <value>
                <![CDATA[i am srijida]]>
              </value>
            </param>
            <param index="1">
              <value>
                <![CDATA[I Am Srijida]]>
              </value>
            </param>
          </params>
          <reporter-output>
          </reporter-output>
        </test-method> <!-- testCapitalizeFirstLetterOfWords -->
        <test-method signature="testCapitalizeFirstLetterOfWords(java.lang.String,java.lang.String)[pri:0, instance:TestDay2.TestCapital_letter@441772e]" started-at="2023-11-20T23:11:51 IST" name="testCapitalizeFirstLetterOfWords" data-provider="sentences" finished-at="2023-11-20T23:11:51 IST" duration-ms="1" status="PASS">
          <params>
            <param index="0">
              <value>
                <![CDATA[hello world]]>
              </value>
            </param>
            <param index="1">
              <value>
                <![CDATA[Hello World]]>
              </value>
            </param>
          </params>
          <reporter-output>
          </reporter-output>
        </test-method> <!-- testCapitalizeFirstLetterOfWords -->
        <test-method signature="testCapitalizeFirstLetterOfWords(java.lang.String,java.lang.String)[pri:0, instance:TestDay2.TestCapital_letter@441772e]" started-at="2023-11-20T23:11:51 IST" name="testCapitalizeFirstLetterOfWords" data-provider="sentences" finished-at="2023-11-20T23:11:51 IST" duration-ms="2" status="PASS">
          <params>
            <param index="0">
              <value>
                <![CDATA[god is love]]>
              </value>
            </param>
            <param index="1">
              <value>
                <![CDATA[God Is Love]]>
              </value>
            </param>
          </params>
          <reporter-output>
          </reporter-output>
        </test-method> <!-- testCapitalizeFirstLetterOfWords -->
      </class> <!-- TestDay2.TestCapital_letter -->
    </test> <!-- Default test -->
  </suite> <!-- Default suite -->
</testng-results>
